<?xml version="1.0" encoding="UTF-8" ?>
<testsuite errors="0" failures="0" hostname="sheldon-VirtualBox" name="com.flatironschool.javacs.WikiSearchTest" skipped="0" tests="4" time="0.201" timestamp="2016-07-24T22:52:55">
  <properties>
[...]
</properties>
  <testcase classname="com.flatironschool.javacs.WikiSearchTest" name="testAnd" time="0.007" />
  <testcase classname="com.flatironschool.javacs.WikiSearchTest" name="testMinus" time="0.0" />
  <testcase classname="com.flatironschool.javacs.WikiSearchTest" name="testSort" time="0.001" />
  <testcase classname="com.flatironschool.javacs.WikiSearchTest" name="testOr" time="0.0" />
  <system-out><![CDATA[]]></system-out>
  <system-err><![CDATA[]]></system-err>
</testsuite>
